2023-03-21 23:47:54.671 [main] INFO  org.example.Calculator - [INPUT NLOG] 1.0
2023-03-21 23:47:54.674 [main] INFO  org.example.Calculator - [OUTPUT NLOG] 0.0
2023-03-21 23:47:54.675 [main] INFO  org.example.Calculator - [INPUT SQROOT] -1.0
2023-03-21 23:47:54.676 [main] INFO  org.example.Calculator - [OUTPUT SQROOT] ERROR
2023-03-21 23:47:54.677 [main] INFO  org.example.Calculator - [INPUT SQROOT] 49.0
2023-03-21 23:47:54.677 [main] INFO  org.example.Calculator - [OUTPUT SQROOT] 7.0
2023-03-21 23:47:54.685 [main] INFO  org.example.Calculator - [INPUT POWER] 3.0 2.0
2023-03-21 23:47:54.686 [main] INFO  org.example.Calculator - [OUTPUT POWER]9.0
2023-03-21 23:47:54.687 [main] INFO  org.example.Calculator - [INPUT POWER] 2.0 -1.0
2023-03-21 23:47:54.687 [main] INFO  org.example.Calculator - [OUTPUT POWER]0.5
2023-03-21 23:47:54.687 [main] INFO  org.example.Calculator - [INPUT NLOG] 2.718281828459045
2023-03-21 23:47:54.688 [main] INFO  org.example.Calculator - [OUTPUT NLOG] 1.0
2023-03-21 23:47:54.688 [main] INFO  org.example.Calculator - [INPUT NLOG] -2.718281828459045
2023-03-21 23:47:54.688 [main] INFO  org.example.Calculator - [OUTPUT NLOG] ERROR
2023-03-21 23:47:54.689 [main] INFO  org.example.Calculator - [INPUT POWER] NaN 100.0
2023-03-21 23:47:54.689 [main] INFO  org.example.Calculator - [OUTPUT POWER] ERROR
2023-03-21 23:47:54.690 [main] INFO  org.example.Calculator - [INPUT SQROOT] 401.0
2023-03-21 23:47:54.690 [main] INFO  org.example.Calculator - [OUTPUT SQROOT] 20.024984394500787
2023-03-21 23:47:54.691 [main] INFO  org.example.Calculator - [INPUT FACT] 0.0
2023-03-21 23:47:54.693 [main] INFO  org.example.Calculator - [OUTPUT FACT] 1.0
2023-03-21 23:47:54.693 [main] INFO  org.example.Calculator - [INPUT FACT] 5.0
2023-03-21 23:47:54.694 [main] INFO  org.example.Calculator - [OUTPUT FACT] 120.0
2023-03-21 23:47:54.694 [main] INFO  org.example.Calculator - [INPUT FACT] -1.0
2023-03-21 23:47:54.694 [main] INFO  org.example.Calculator - [OUTPUT FACT] ERROR
