[INFO] Scanning for projects...
[WARNING] 
[WARNING] Some problems were encountered while building the effective model for org.example:calculator:jar:1.0-SNAPSHOT
[WARNING] 'dependencies.dependency.scope' for junit:junit:jar must be one of [provided, compile, runtime, test, system] but is 'Test'. @ line 22, column 20
[WARNING] 
[WARNING] It is highly recommended to fix these problems because they threaten the stability of your build.
[WARNING] 
[WARNING] For this reason, future Maven versions might no longer support building such malformed projects.
[WARNING] 
[INFO] 
[INFO] -----------------------< org.example:calculator >-----------------------
[INFO] Building calculator 1.0-SNAPSHOT
[INFO] --------------------------------[ jar ]---------------------------------
[INFO] 
[INFO] --- maven-clean-plugin:2.5:clean (default-clean) @ calculator ---
[INFO] Deleting /home/vijay/Desktop/temp/spe-mini-project/target
[INFO] 
[INFO] --- maven-resources-plugin:2.6:resources (default-resources) @ calculator ---
[INFO] Using 'UTF-8' encoding to copy filtered resources.
[INFO] Copying 1 resource
[INFO] 
[INFO] --- maven-compiler-plugin:3.1:compile (default-compile) @ calculator ---
[INFO] Changes detected - recompiling the module!
[INFO] Compiling 1 source file to /home/vijay/Desktop/temp/spe-mini-project/target/classes
[INFO] 
[INFO] --- maven-resources-plugin:2.6:testResources (default-testResources) @ calculator ---
[INFO] Using 'UTF-8' encoding to copy filtered resources.
[INFO] skip non existing resourceDirectory /home/vijay/Desktop/temp/spe-mini-project/src/test/resources
[INFO] 
[INFO] --- maven-compiler-plugin:3.1:testCompile (default-testCompile) @ calculator ---
[INFO] Changes detected - recompiling the module!
[INFO] Compiling 1 source file to /home/vijay/Desktop/temp/spe-mini-project/target/test-classes
[INFO] 
[INFO] --- maven-surefire-plugin:2.12.4:test (default-test) @ calculator ---
[INFO] Surefire report directory: /home/vijay/Desktop/temp/spe-mini-project/target/surefire-reports

-------------------------------------------------------
 T E S T S
-------------------------------------------------------
Running CalculatorTest
20:43:22.214 [main] INFO  org.example.Calculator - [INPUT NLOG] 1.0
20:43:22.243 [main] INFO  org.example.Calculator - [OUTPUT NLOG] 0.0
20:43:22.247 [main] INFO  org.example.Calculator - [INPUT SQROOT] -1.0
20:43:22.247 [main] INFO  org.example.Calculator - [OUTPUT SQROOT] ERROR
20:43:22.249 [main] INFO  org.example.Calculator - [INPUT SQROOT] 49.0
20:43:22.252 [main] INFO  org.example.Calculator - [OUTPUT SQROOT] 7.0
20:43:22.278 [main] INFO  org.example.Calculator - [INPUT POWER] 3.0 2.0
20:43:22.279 [main] INFO  org.example.Calculator - [OUTPUT POWER]9.0
20:43:22.281 [main] INFO  org.example.Calculator - [INPUT POWER] 2.0 -1.0
20:43:22.283 [main] INFO  org.example.Calculator - [OUTPUT POWER]0.5
20:43:22.285 [main] INFO  org.example.Calculator - [INPUT NLOG] 2.718281828459045
20:43:22.286 [main] INFO  org.example.Calculator - [OUTPUT NLOG] 1.0
20:43:22.287 [main] INFO  org.example.Calculator - [INPUT NLOG] -2.718281828459045
20:43:22.288 [main] INFO  org.example.Calculator - [OUTPUT NLOG] ERROR
20:43:22.289 [main] INFO  org.example.Calculator - [INPUT POWER] NaN 100.0
20:43:22.290 [main] INFO  org.example.Calculator - [OUTPUT POWER] ERROR
20:43:22.292 [main] INFO  org.example.Calculator - [INPUT SQROOT] 401.0
20:43:22.293 [main] INFO  org.example.Calculator - [OUTPUT SQROOT] 20.024984394500787
20:43:22.296 [main] INFO  org.example.Calculator - [INPUT FACT] 0.0
20:43:22.298 [main] INFO  org.example.Calculator - [OUTPUT FACT] 1.0
20:43:22.300 [main] INFO  org.example.Calculator - [INPUT FACT] 5.0
20:43:22.301 [main] INFO  org.example.Calculator - [OUTPUT FACT] 120.0
20:43:22.301 [main] INFO  org.example.Calculator - [INPUT FACT] -1.0
20:43:22.302 [main] INFO  org.example.Calculator - [OUTPUT FACT] ERROR
Tests run: 12, Failures: 0, Errors: 0, Skipped: 0, Time elapsed: 5.173 sec

Results :

Tests run: 12, Failures: 0, Errors: 0, Skipped: 0

[INFO] 
[INFO] --- maven-jar-plugin:2.4:jar (default-jar) @ calculator ---
[INFO] Building jar: /home/vijay/Desktop/temp/spe-mini-project/target/calculator-1.0-SNAPSHOT.jar
[INFO] 
[INFO] --- maven-assembly-plugin:2.2-beta-5:single (default) @ calculator ---
[INFO] META-INF/ already added, skipping
[INFO] META-INF/MANIFEST.MF already added, skipping
[INFO] org/ already added, skipping
[INFO] META-INF/MANIFEST.MF already added, skipping
[INFO] META-INF/ already added, skipping
[INFO] org/ already added, skipping
[INFO] META-INF/MANIFEST.MF already added, skipping
[INFO] META-INF/ already added, skipping
[INFO] META-INF/services/ already added, skipping
[INFO] META-INF/versions/ already added, skipping
[INFO] META-INF/versions/9/ already added, skipping
[INFO] META-INF/versions/9/org/ already added, skipping
[INFO] META-INF/versions/9/org/apache/ already added, skipping
[INFO] META-INF/versions/9/org/apache/logging/ already added, skipping
[INFO] META-INF/versions/9/org/apache/logging/log4j/ already added, skipping
[INFO] org/ already added, skipping
[INFO] org/apache/ already added, skipping
[INFO] org/apache/logging/ already added, skipping
[INFO] org/apache/logging/log4j/ already added, skipping
[INFO] META-INF/maven/ already added, skipping
[INFO] META-INF/maven/org.apache.logging.log4j/ already added, skipping
[INFO] META-INF/DEPENDENCIES already added, skipping
[INFO] META-INF/LICENSE already added, skipping
[INFO] META-INF/NOTICE already added, skipping
[INFO] META-INF/MANIFEST.MF already added, skipping
[INFO] META-INF/ already added, skipping
[INFO] META-INF/LICENSE already added, skipping
[INFO] META-INF/NOTICE already added, skipping
[INFO] META-INF/maven/ already added, skipping
[INFO] org/ already added, skipping
[INFO] org/apache/ already added, skipping
[INFO] Building jar: /home/vijay/Desktop/temp/spe-mini-project/target/calculator-1.0-SNAPSHOT-jar-with-dependencies.jar
[INFO] META-INF/ already added, skipping
[INFO] META-INF/MANIFEST.MF already added, skipping
[INFO] org/ already added, skipping
[INFO] META-INF/MANIFEST.MF already added, skipping
[INFO] META-INF/ already added, skipping
[INFO] org/ already added, skipping
[INFO] META-INF/MANIFEST.MF already added, skipping
[INFO] META-INF/ already added, skipping
[INFO] META-INF/services/ already added, skipping
[INFO] META-INF/versions/ already added, skipping
[INFO] META-INF/versions/9/ already added, skipping
[INFO] META-INF/versions/9/org/ already added, skipping
[INFO] META-INF/versions/9/org/apache/ already added, skipping
[INFO] META-INF/versions/9/org/apache/logging/ already added, skipping
[INFO] META-INF/versions/9/org/apache/logging/log4j/ already added, skipping
[INFO] org/ already added, skipping
[INFO] org/apache/ already added, skipping
[INFO] org/apache/logging/ already added, skipping
[INFO] org/apache/logging/log4j/ already added, skipping
[INFO] META-INF/maven/ already added, skipping
[INFO] META-INF/maven/org.apache.logging.log4j/ already added, skipping
[INFO] META-INF/DEPENDENCIES already added, skipping
[INFO] META-INF/LICENSE already added, skipping
[INFO] META-INF/NOTICE already added, skipping
[INFO] META-INF/MANIFEST.MF already added, skipping
[INFO] META-INF/ already added, skipping
[INFO] META-INF/LICENSE already added, skipping
[INFO] META-INF/NOTICE already added, skipping
[INFO] META-INF/maven/ already added, skipping
[INFO] org/ already added, skipping
[INFO] org/apache/ already added, skipping
[INFO] 
[INFO] --- maven-install-plugin:2.4:install (default-install) @ calculator ---
[INFO] Installing /home/vijay/Desktop/temp/spe-mini-project/target/calculator-1.0-SNAPSHOT.jar to /home/vijay/.m2/repository/org/example/calculator/1.0-SNAPSHOT/calculator-1.0-SNAPSHOT.jar
[INFO] Installing /home/vijay/Desktop/temp/spe-mini-project/pom.xml to /home/vijay/.m2/repository/org/example/calculator/1.0-SNAPSHOT/calculator-1.0-SNAPSHOT.pom
[INFO] Installing /home/vijay/Desktop/temp/spe-mini-project/target/calculator-1.0-SNAPSHOT-jar-with-dependencies.jar to /home/vijay/.m2/repository/org/example/calculator/1.0-SNAPSHOT/calculator-1.0-SNAPSHOT-jar-with-dependencies.jar
[INFO] 
[INFO] --- maven-resources-plugin:2.6:resources (default-resources) @ calculator ---
[INFO] Using 'UTF-8' encoding to copy filtered resources.
[INFO] Copying 1 resource
[INFO] 
[INFO] --- maven-compiler-plugin:3.1:compile (default-compile) @ calculator ---
[INFO] Nothing to compile - all classes are up to date
[INFO] 
[INFO] --- maven-resources-plugin:2.6:testResources (default-testResources) @ calculator ---
[INFO] Using 'UTF-8' encoding to copy filtered resources.
[INFO] skip non existing resourceDirectory /home/vijay/Desktop/temp/spe-mini-project/src/test/resources
[INFO] 
[INFO] --- maven-compiler-plugin:3.1:testCompile (default-testCompile) @ calculator ---
[INFO] Nothing to compile - all classes are up to date
[INFO] 
[INFO] --- maven-surefire-plugin:2.12.4:test (default-test) @ calculator ---
[INFO] Skipping execution of surefire because it has already been run for this configuration
[INFO] ------------------------------------------------------------------------
[INFO] BUILD SUCCESS
[INFO] ------------------------------------------------------------------------
[INFO] Total time:  39.774 s
[INFO] Finished at: 2023-03-21T20:43:48+05:30
[INFO] ------------------------------------------------------------------------
